<?xml version="1.0" encoding="UTF-8"?>
<!-- Generated by org.testng.reporters.JUnitReportReporter -->
<testsuite hostname="lucky" failures="0" tests="1" name="Example.NewTest" time="31.779" errors="0" timestamp="7 May 2019 08:59:56 GMT">
  <testcase classname="Example.NewTest" name="funcSearch" time="31.779"/>
</testsuite> <!-- Example.NewTest -->
